20:54:45 2020-03-26 [WARNING] No init process detected!  This container may accumulate zombie processes if run for a long time.  Consider using "docker create --init ..." or equivalent.
20:54:45 2020-03-26 [INFO] Starting InterSystems IRIS instance IRIS...
20:54:54 2020-03-26 [INFO] This copy of InterSystems IRIS has been licensed for use exclusively by:
InterSystems IRIS Community
Copyright (c) 1986-2020 by InterSystems Corporation
Any other use is a violation of your license agreement

1 alert(s) during startup. See messages.log for details.
Starting IRIS


20:54:54 2020-03-26 [INFO] ...started InterSystems IRIS instance IRIS
21:05:32 2020-03-26 [INFO] Shutting down InterSystems IRIS instance IRIS...
21:05:40 2020-03-26 [INFO] Verifying InterSystems IRIS instance IRIS is down...
21:05:40 2020-03-26 [INFO] IRIS^/usr/irissys^2020.1.0.214.0com^down, last used Thu Mar 26 21:05:37 2020^iris.cpf^51773^52773^53773^^IRISHealth^^^/usr/irissys

21:05:40 2020-03-26 [INFO] ...verified that InterSystems IRIS instance IRIS is down
21:18:14 2020-03-26 [WARNING] No init process detected!  This container may accumulate zombie processes if run for a long time.  Consider using "docker create --init ..." or equivalent.
21:18:14 2020-03-26 [INFO] Starting InterSystems IRIS instance IRIS...
21:18:25 2020-03-26 [INFO] This copy of InterSystems IRIS has been licensed for use exclusively by:
InterSystems IRIS Community
Copyright (c) 1986-2020 by InterSystems Corporation
Any other use is a violation of your license agreement

1 alert(s) during startup. See messages.log for details.
Starting IRIS


21:18:25 2020-03-26 [INFO] ...started InterSystems IRIS instance IRIS
21:22:30 2020-03-26 [INFO] Shutting down InterSystems IRIS instance IRIS...
21:22:38 2020-03-26 [INFO] Verifying InterSystems IRIS instance IRIS is down...
21:22:38 2020-03-26 [INFO] IRIS^/usr/irissys^2020.1.0.214.0com^down, last used Thu Mar 26 21:22:35 2020^iris.cpf^51773^52773^53773^^IRISHealth^^^/usr/irissys

21:22:38 2020-03-26 [INFO] ...verified that InterSystems IRIS instance IRIS is down
21:24:56 2020-03-26 [WARNING] No init process detected!  This container may accumulate zombie processes if run for a long time.  Consider using "docker create --init ..." or equivalent.
21:24:56 2020-03-26 [INFO] Starting InterSystems IRIS instance IRIS...
21:25:06 2020-03-26 [INFO] This copy of InterSystems IRIS has been licensed for use exclusively by:
InterSystems IRIS Community
Copyright (c) 1986-2020 by InterSystems Corporation
Any other use is a violation of your license agreement

1 alert(s) during startup. See messages.log for details.
Starting IRIS


21:25:06 2020-03-26 [INFO] ...started InterSystems IRIS instance IRIS
21:27:56 2020-03-26 [INFO] Shutting down InterSystems IRIS instance IRIS...
21:28:04 2020-03-26 [INFO] Verifying InterSystems IRIS instance IRIS is down...
21:28:04 2020-03-26 [INFO] IRIS^/usr/irissys^2020.1.0.214.0com^down, last used Thu Mar 26 21:28:01 2020^iris.cpf^51773^52773^53773^^IRISHealth^^^/usr/irissys

21:28:04 2020-03-26 [INFO] ...verified that InterSystems IRIS instance IRIS is down
15:30:29 2020-03-27 [WARNING] No init process detected!  This container may accumulate zombie processes if run for a long time.  Consider using "docker create --init ..." or equivalent.
15:30:29 2020-03-27 [INFO] Starting InterSystems IRIS instance IRIS...
15:30:39 2020-03-27 [INFO] This copy of InterSystems IRIS has been licensed for use exclusively by:
InterSystems IRIS Community
Copyright (c) 1986-2020 by InterSystems Corporation
Any other use is a violation of your license agreement

1 alert(s) during startup. See messages.log for details.
Starting IRIS


15:30:39 2020-03-27 [INFO] ...started InterSystems IRIS instance IRIS
18:21:33 2020-03-27 [INFO] Shutting down InterSystems IRIS instance IRIS...
18:21:41 2020-03-27 [INFO] Verifying InterSystems IRIS instance IRIS is down...
18:21:41 2020-03-27 [INFO] IRIS^/usr/irissys^2020.1.0.214.0com^down, last used Fri Mar 27 18:21:38 2020^iris.cpf^51773^52773^53773^^IRISHealth^^^/usr/irissys

18:21:41 2020-03-27 [INFO] ...verified that InterSystems IRIS instance IRIS is down
18:28:37 2020-03-27 [WARNING] No init process detected!  This container may accumulate zombie processes if run for a long time.  Consider using "docker create --init ..." or equivalent.
18:28:37 2020-03-27 [INFO] Starting InterSystems IRIS instance IRIS...
18:28:49 2020-03-27 [INFO] This copy of InterSystems IRIS has been licensed for use exclusively by:
InterSystems IRIS Community
Copyright (c) 1986-2020 by InterSystems Corporation
Any other use is a violation of your license agreement

1 alert(s) during startup. See messages.log for details.
Starting IRIS


18:28:49 2020-03-27 [INFO] ...started InterSystems IRIS instance IRIS
19:03:38 2020-03-27 [INFO] Shutting down InterSystems IRIS instance IRIS...
19:03:49 2020-03-27 [WARNING] No init process detected!  This container may accumulate zombie processes if run for a long time.  Consider using "docker create --init ..." or equivalent.
19:03:49 2020-03-27 [INFO] Starting InterSystems IRIS instance IRIS...
19:04:01 2020-03-27 [INFO] This copy of InterSystems IRIS has been licensed for use exclusively by:
InterSystems IRIS Community
Copyright (c) 1986-2020 by InterSystems Corporation
Any other use is a violation of your license agreement

1 alert(s) during startup. See messages.log for details.
Starting IRIS


19:04:01 2020-03-27 [INFO] ...started InterSystems IRIS instance IRIS
19:06:05 2020-03-27 [INFO] Shutting down InterSystems IRIS instance IRIS...
19:11:58 2020-03-27 [WARNING] No init process detected!  This container may accumulate zombie processes if run for a long time.  Consider using "docker create --init ..." or equivalent.
19:11:58 2020-03-27 [INFO] Starting InterSystems IRIS instance IRIS...
19:12:08 2020-03-27 [INFO] This copy of InterSystems IRIS has been licensed for use exclusively by:
InterSystems IRIS Community
Copyright (c) 1986-2020 by InterSystems Corporation
Any other use is a violation of your license agreement

1 alert(s) during startup. See messages.log for details.
Starting IRIS


19:12:08 2020-03-27 [INFO] ...started InterSystems IRIS instance IRIS
19:12:43 2020-03-27 [INFO] Shutting down InterSystems IRIS instance IRIS...
19:12:51 2020-03-27 [INFO] Verifying InterSystems IRIS instance IRIS is down...
19:12:51 2020-03-27 [INFO] IRIS^/usr/irissys^2020.1.0.214.0com^down, last used Fri Mar 27 19:12:49 2020^iris.cpf^51773^52773^53773^^IRISHealth^^^/usr/irissys

19:12:51 2020-03-27 [INFO] ...verified that InterSystems IRIS instance IRIS is down
19:16:41 2020-03-27 [WARNING] No init process detected!  This container may accumulate zombie processes if run for a long time.  Consider using "docker create --init ..." or equivalent.
19:16:41 2020-03-27 [INFO] Starting InterSystems IRIS instance IRIS...
19:16:51 2020-03-27 [INFO] This copy of InterSystems IRIS has been licensed for use exclusively by:
InterSystems IRIS Community
Copyright (c) 1986-2020 by InterSystems Corporation
Any other use is a violation of your license agreement

1 alert(s) during startup. See messages.log for details.
Starting IRIS


19:16:51 2020-03-27 [INFO] ...started InterSystems IRIS instance IRIS
19:18:56 2020-03-27 [INFO] Shutting down InterSystems IRIS instance IRIS...
19:21:47 2020-03-27 [WARNING] No init process detected!  This container may accumulate zombie processes if run for a long time.  Consider using "docker create --init ..." or equivalent.
19:21:47 2020-03-27 [INFO] Starting InterSystems IRIS instance IRIS...
19:21:58 2020-03-27 [INFO] This copy of InterSystems IRIS has been licensed for use exclusively by:
InterSystems IRIS Community
Copyright (c) 1986-2020 by InterSystems Corporation
Any other use is a violation of your license agreement

1 alert(s) during startup. See messages.log for details.
Starting IRIS


19:21:58 2020-03-27 [INFO] ...started InterSystems IRIS instance IRIS
17:49:13 2020-03-30 [INFO] Shutting down InterSystems IRIS instance IRIS...
17:49:22 2020-03-30 [INFO] Verifying InterSystems IRIS instance IRIS is down...
17:49:22 2020-03-30 [INFO] IRIS^/usr/irissys^2020.1.0.214.0com^down, last used Mon Mar 30 17:49:19 2020^iris.cpf^51773^52773^53773^^IRISHealth^^^/usr/irissys

17:49:22 2020-03-30 [INFO] ...verified that InterSystems IRIS instance IRIS is down
17:49:32 2020-03-30 [WARNING] No init process detected!  This container may accumulate zombie processes if run for a long time.  Consider using "docker create --init ..." or equivalent.
17:49:32 2020-03-30 [INFO] Starting InterSystems IRIS instance IRIS...
17:49:43 2020-03-30 [INFO] This copy of InterSystems IRIS has been licensed for use exclusively by:
InterSystems IRIS Community
Copyright (c) 1986-2020 by InterSystems Corporation
Any other use is a violation of your license agreement

1 alert(s) during startup. See messages.log for details.
Starting IRIS


17:49:43 2020-03-30 [INFO] ...started InterSystems IRIS instance IRIS
17:54:40 2020-03-30 [INFO] Shutting down InterSystems IRIS instance IRIS...
